2024-04-20 20:33:36 [verbose]: ----------------------------------------------------------
2024-04-20 20:33:36 [verbose]: input Log for Mine (LogLevel: Verbose)
2024-04-20 20:33:36 [verbose]: Running osu 2023.1008.1.0 on .NET 6.0.22
2024-04-20 20:33:36 [verbose]: Environment: Windows (Microsoft Windows NT 10.0.22621.0), 4 cores
2024-04-20 20:33:36 [verbose]: ----------------------------------------------------------
2024-04-20 20:33:36 [verbose]: [Tablet] Detect: Searching for tablets...
2024-04-20 20:33:36 [verbose]: [Tablet] Detect: Searching for tablet '10moon 1060N'
2024-04-20 20:33:36 [verbose]: [Tablet] Detect: Searching for tablet 'Acepen AP 1060'
2024-04-20 20:33:36 [verbose]: [Tablet] Detect: Searching for tablet 'Adesso Cybertablet K8'
2024-04-20 20:33:36 [verbose]: [Tablet] Detect: Searching for tablet 'Artisul A1201'
2024-04-20 20:33:36 [verbose]: [Tablet] Detect: Searching for tablet 'Artisul AP604'
2024-04-20 20:33:36 [verbose]: [Tablet] Detect: Searching for tablet 'Artisul M0610 Pro'
2024-04-20 20:33:36 [verbose]: [Tablet] Detect: Searching for tablet 'FlooGoo FMA100'
2024-04-20 20:33:36 [verbose]: [Tablet] Detect: Searching for tablet 'Gaomon 1060 Pro'
2024-04-20 20:33:36 [verbose]: [Tablet] Detect: Searching for tablet 'Gaomon GM156HD'
2024-04-20 20:33:36 [verbose]: [Tablet] Detect: Searching for tablet 'Gaomon M106K Pro'
2024-04-20 20:33:36 [verbose]: [Tablet] Detect: Searching for tablet 'Gaomon M106K'
2024-04-20 20:33:36 [verbose]: [Tablet] Detect: Searching for tablet 'Gaomon M10K Pro'
2024-04-20 20:33:36 [verbose]: [Tablet] Detect: Searching for tablet 'Gaomon M10K'
2024-04-20 20:33:36 [verbose]: [Tablet] Detect: Searching for tablet 'Gaomon M1220'
2024-04-20 20:33:36 [verbose]: [Tablet] Detect: Searching for tablet 'Gaomon M1230'
2024-04-20 20:33:36 [verbose]: [Tablet] Detect: Searching for tablet 'Gaomon M6'
2024-04-20 20:33:36 [verbose]: [Tablet] Detect: Searching for tablet 'Gaomon PD1161'
2024-04-20 20:33:36 [verbose]: [Tablet] Detect: Searching for tablet 'Gaomon PD156 Pro'
2024-04-20 20:33:36 [verbose]: [Tablet] Detect: Searching for tablet 'Gaomon PD1560'
2024-04-20 20:33:36 [verbose]: [Tablet] Detect: Searching for tablet 'Gaomon PD1561'
2024-04-20 20:33:36 [verbose]: [Tablet] Detect: Searching for tablet 'Gaomon PD2200'
2024-04-20 20:33:36 [verbose]: [Tablet] Detect: Searching for tablet 'Gaomon S56K'
2024-04-20 20:33:36 [verbose]: [Tablet] Detect: Searching for tablet 'Gaomon S620'
2024-04-20 20:33:36 [verbose]: [Tablet] Detect: Searching for tablet 'Gaomon S630'
2024-04-20 20:33:36 [verbose]: [Tablet] Detect: Searching for tablet 'Gaomon S830'
2024-04-20 20:33:36 [verbose]: [Tablet] Detect: Searching for tablet 'Genius G-Pen 560'
2024-04-20 20:33:36 [verbose]: [Tablet] Detect: Searching for tablet 'Genius i405x'
2024-04-20 20:33:36 [verbose]: [Tablet] Detect: Searching for tablet 'Genius i608x'
2024-04-20 20:33:36 [verbose]: [Tablet] Detect: Searching for tablet 'Huion 420'
2024-04-20 20:33:36 [verbose]: [Tablet] Detect: Searching for tablet 'Huion G10T'
2024-04-20 20:33:36 [verbose]: [Tablet] Detect: Searching for tablet 'Huion G930L'
2024-04-20 20:33:36 [verbose]: [Tablet] Detect: Searching for tablet 'Huion GC610'
2024-04-20 20:33:36 [verbose]: [Tablet] Detect: Searching for tablet 'Huion GT-220 V2'
2024-04-20 20:33:36 [verbose]: [Tablet] Detect: Searching for tablet 'Huion GT-221 Pro'
2024-04-20 20:33:36 [verbose]: [Tablet] Detect: Searching for tablet 'Huion GT-221'
2024-04-20 20:33:36 [verbose]: [Tablet] Detect: Searching for tablet 'Huion H1060P'
2024-04-20 20:33:36 [verbose]: [Tablet] Detect: Searching for tablet 'Huion H1161'
2024-04-20 20:33:36 [verbose]: [Tablet] Detect: Searching for tablet 'Huion H320M'
2024-04-20 20:33:36 [verbose]: [Tablet] Detect: Searching for tablet 'Huion H420'
2024-04-20 20:33:36 [verbose]: [Tablet] Detect: Searching for tablet 'Huion H420X'
2024-04-20 20:33:36 [verbose]: [Tablet] Detect: Searching for tablet 'Huion H430P'
2024-04-20 20:33:36 [verbose]: [Tablet] Detect: Searching for tablet 'Huion H580X'
2024-04-20 20:33:36 [verbose]: [Tablet] Detect: Searching for tablet 'Huion H610 Pro V2'
2024-04-20 20:33:36 [verbose]: [Tablet] Detect: Searching for tablet 'Huion H610 Pro V3'
2024-04-20 20:33:36 [verbose]: [Tablet] Detect: Searching for tablet 'Huion H610 Pro'
2024-04-20 20:33:36 [verbose]: [Tablet] Detect: Searching for tablet 'Huion H610X'
2024-04-20 20:33:36 [verbose]: [Tablet] Detect: Searching for tablet 'Huion H640P'
2024-04-20 20:33:36 [verbose]: [Tablet] Detect: Searching for tablet 'Huion H641P'
2024-04-20 20:33:36 [verbose]: [Tablet] Detect: Searching for tablet 'Huion H642'
2024-04-20 20:33:36 [verbose]: [Tablet] Detect: Searching for tablet 'Huion H690'
2024-04-20 20:33:36 [verbose]: [Tablet] Detect: Searching for tablet 'Huion H950P'
2024-04-20 20:33:36 [verbose]: [Tablet] Detect: Searching for tablet 'Huion HC16'
2024-04-20 20:33:36 [verbose]: [Tablet] Detect: Searching for tablet 'Huion HS610'
2024-04-20 20:33:36 [verbose]: [Tablet] Detect: Searching for tablet 'Huion HS611'
2024-04-20 20:33:36 [verbose]: [Tablet] Detect: Searching for tablet 'Huion HS64'
2024-04-20 20:33:36 [verbose]: [Tablet] Detect: Searching for tablet 'Huion HS95'
2024-04-20 20:33:36 [verbose]: [Tablet] Detect: Searching for tablet 'Huion Kamvas 12'
2024-04-20 20:33:36 [verbose]: [Tablet] Detect: Searching for tablet 'Huion Kamvas 13'
2024-04-20 20:33:36 [verbose]: [Tablet] Detect: Searching for tablet 'Huion Kamvas 16 (2021)'
2024-04-20 20:33:36 [verbose]: [Tablet] Detect: Searching for tablet 'Huion Kamvas 16'
2024-04-20 20:33:36 [verbose]: [Tablet] Detect: Searching for tablet 'Huion Kamvas 20'
2024-04-20 20:33:36 [verbose]: [Tablet] Detect: Searching for tablet 'Huion Kamvas 22 Plus'
2024-04-20 20:33:36 [verbose]: [Tablet] Detect: Searching for tablet 'Huion Kamvas 24 Plus'
2024-04-20 20:33:36 [verbose]: [Tablet] Detect: Searching for tablet 'Huion Kamvas Pro 12'
2024-04-20 20:33:36 [verbose]: [Tablet] Detect: Searching for tablet 'Huion Kamvas Pro 13 (2.5k)'
2024-04-20 20:33:36 [verbose]: [Tablet] Detect: Searching for tablet 'Huion Kamvas Pro 13'
2024-04-20 20:33:36 [verbose]: [Tablet] Detect: Searching for tablet 'Huion Kamvas Pro 16 (2.5k)'
2024-04-20 20:33:36 [verbose]: [Tablet] Detect: Searching for tablet 'Huion Kamvas Pro 16'
2024-04-20 20:33:36 [verbose]: [Tablet] Detect: Searching for tablet 'Huion Kamvas Pro 20'
2024-04-20 20:33:36 [verbose]: [Tablet] Detect: Searching for tablet 'Huion Kamvas Pro 24 (4K)'
2024-04-20 20:33:36 [verbose]: [Tablet] Detect: Searching for tablet 'Huion Kamvas Pro 24'
2024-04-20 20:33:36 [verbose]: [Tablet] Detect: Searching for tablet 'Huion New 1060 Plus (2048)'
2024-04-20 20:33:36 [verbose]: [Tablet] Detect: Searching for tablet 'Huion New 1060 Plus'
2024-04-20 20:33:36 [verbose]: [Tablet] Detect: Searching for tablet 'Huion Q11K V2'
2024-04-20 20:33:36 [verbose]: [Tablet] Detect: Searching for tablet 'Huion Q11K'
2024-04-20 20:33:36 [verbose]: [Tablet] Detect: Searching for tablet 'Huion Q620M'
2024-04-20 20:33:36 [verbose]: [Tablet] Detect: Searching for tablet 'Huion Q630M'
2024-04-20 20:33:36 [verbose]: [Tablet] Detect: Searching for tablet 'Huion RDS-160'
2024-04-20 20:33:36 [verbose]: [Tablet] Detect: Searching for tablet 'Huion RTE-100'
2024-04-20 20:33:36 [verbose]: [Tablet] Detect: Searching for tablet 'Huion RTM-500'
2024-04-20 20:33:36 [verbose]: [Tablet] Detect: Searching for tablet 'Huion WH1409 V2'
2024-04-20 20:33:36 [verbose]: [Tablet] Detect: Searching for tablet 'Huion WH1409'
2024-04-20 20:33:36 [verbose]: [Tablet] Detect: Searching for tablet 'KENTING K5540'
2024-04-20 20:33:36 [verbose]: [Tablet] Detect: Searching for tablet 'LifeTec LT9570'
2024-04-20 20:33:36 [verbose]: [Tablet] Detect: Searching for tablet 'Monoprice 10594'
2024-04-20 20:33:36 [verbose]: [Tablet] Detect: Searching for tablet 'Monoprice MP1060-HA60'
2024-04-20 20:33:36 [verbose]: [Tablet] Detect: Searching for tablet 'Parblo A609'
2024-04-20 20:33:36 [verbose]: [Tablet] Detect: Searching for tablet 'Parblo A610 Pro'
2024-04-20 20:33:36 [verbose]: [Tablet] Detect: Searching for tablet 'Parblo A640 V2'
2024-04-20 20:33:36 [verbose]: [Tablet] Detect: Searching for tablet 'Parblo Intangbo M'
2024-04-20 20:33:36 [verbose]: [Tablet] Detect: Searching for tablet 'Parblo Intangbo S'
2024-04-20 20:33:36 [verbose]: [Tablet] Detect: Searching for tablet 'Parblo Ninos M'
2024-04-20 20:33:36 [verbose]: [Tablet] Detect: Searching for tablet 'Parblo Ninos N4'
2024-04-20 20:33:36 [verbose]: [Tablet] Detect: Searching for tablet 'Parblo Ninos N7'
2024-04-20 20:33:36 [verbose]: [Tablet] Detect: Searching for tablet 'Parblo Ninos S'
2024-04-20 20:33:36 [verbose]: [Tablet] Detect: Searching for tablet 'RobotPen T9A'
2024-04-20 20:33:36 [verbose]: [Tablet] Detect: Searching for tablet 'UC-Logic 1060N'
2024-04-20 20:33:36 [verbose]: [Tablet] Detect: Searching for tablet 'UC-Logic PF1209'
2024-04-20 20:33:36 [verbose]: [Tablet] Detect: Searching for tablet 'UGEE S640'
2024-04-20 20:33:36 [verbose]: [Tablet] Detect: Searching for tablet 'UGEE U1200'
2024-04-20 20:33:36 [verbose]: [Tablet] Detect: Searching for tablet 'UGEE U1600'
2024-04-20 20:33:36 [verbose]: [Tablet] Detect: Searching for tablet 'UGTABLET M708 V2'
2024-04-20 20:33:36 [verbose]: [Tablet] Detect: Searching for tablet 'UGTABLET M708'
2024-04-20 20:33:36 [verbose]: [Tablet] Detect: Searching for tablet 'VEIKK A15 Pro'
2024-04-20 20:33:36 [verbose]: [Tablet] Detect: Searching for tablet 'VEIKK A15 V2'
2024-04-20 20:33:36 [verbose]: [Tablet] Detect: Searching for tablet 'VEIKK A15'
2024-04-20 20:33:36 [verbose]: [Tablet] Detect: Searching for tablet 'VEIKK A30 V2'
2024-04-20 20:33:36 [verbose]: [Tablet] Detect: Searching for tablet 'VEIKK A30'
2024-04-20 20:33:36 [verbose]: [Tablet] Detect: Searching for tablet 'VEIKK A50 V2'
2024-04-20 20:33:36 [verbose]: [Tablet] Detect: Searching for tablet 'VEIKK A50'
2024-04-20 20:33:36 [verbose]: [Tablet] Detect: Searching for tablet 'VEIKK S640 V2'
2024-04-20 20:33:36 [verbose]: [Tablet] Detect: Searching for tablet 'VEIKK S640'
2024-04-20 20:33:36 [verbose]: [Tablet] Detect: Searching for tablet 'VEIKK VK1060'
2024-04-20 20:33:36 [verbose]: [Tablet] Detect: Searching for tablet 'VEIKK VK430 V2'
2024-04-20 20:33:36 [verbose]: [Tablet] Detect: Searching for tablet 'VEIKK VK430'
2024-04-20 20:33:36 [verbose]: [Tablet] Detect: Searching for tablet 'VEIKK VK640'
2024-04-20 20:33:36 [verbose]: [Tablet] Detect: Searching for tablet 'VEIKK Viola (VO1060)'
2024-04-20 20:33:36 [verbose]: [Tablet] Detect: Searching for tablet 'ViewSonic Woodpad PF0730'
2024-04-20 20:33:36 [verbose]: [Tablet] Detect: Searching for tablet 'Wacom CTE-430'
2024-04-20 20:33:36 [verbose]: [Tablet] Detect: Searching for tablet 'Wacom CTE-440'
2024-04-20 20:33:36 [verbose]: [Tablet] Detect: Searching for tablet 'Wacom CTE-450'
2024-04-20 20:33:36 [verbose]: [Tablet] Detect: Searching for tablet 'Wacom CTE-460'
2024-04-20 20:33:36 [verbose]: [Tablet] Detect: Searching for tablet 'Wacom CTE-630'
2024-04-20 20:33:36 [verbose]: [Tablet] Detect: Searching for tablet 'Wacom CTE-640'
2024-04-20 20:33:36 [verbose]: [Tablet] Detect: Searching for tablet 'Wacom CTE-650'
2024-04-20 20:33:36 [verbose]: [Tablet] Detect: Searching for tablet 'Wacom CTE-660'
2024-04-20 20:33:36 [verbose]: [Tablet] Detect: Searching for tablet 'Wacom CTF-430'
2024-04-20 20:33:36 [verbose]: [Tablet] Detect: Searching for tablet 'Wacom CTH-301'
2024-04-20 20:33:36 [verbose]: [Tablet] Detect: Searching for tablet 'Wacom CTH-460'
2024-04-20 20:33:36 [verbose]: [Tablet] Detect: Searching for tablet 'Wacom CTH-461'
2024-04-20 20:33:36 [verbose]: [Tablet] Detect: Searching for tablet 'Wacom CTH-470'
2024-04-20 20:33:36 [verbose]: [Tablet] Detect: Searching for tablet 'Wacom CTH-480'
2024-04-20 20:33:36 [verbose]: [Tablet] Detect: Searching for tablet 'Wacom CTH-490'
2024-04-20 20:33:36 [verbose]: [Tablet] Detect: Searching for tablet 'Wacom CTH-661'
2024-04-20 20:33:36 [verbose]: [Tablet] Detect: Searching for tablet 'Wacom CTH-670'
2024-04-20 20:33:36 [verbose]: [Tablet] Detect: Searching for tablet 'Wacom CTH-680'
2024-04-20 20:33:36 [verbose]: [Tablet] Detect: Searching for tablet 'Wacom CTH-690'
2024-04-20 20:33:36 [verbose]: [Tablet] Detect: Searching for tablet 'Wacom CTL-4100'
2024-04-20 20:33:36 [verbose]: [Tablet] Detect: Searching for tablet 'Wacom CTL-4100WL'
2024-04-20 20:33:36 [verbose]: [Tablet] Detect: Searching for tablet 'Wacom CTL-460'
2024-04-20 20:33:36 [verbose]: [Tablet] Detect: Searching for tablet 'Wacom CTL-470'
2024-04-20 20:33:36 [verbose]: [Tablet] Detect: Searching for tablet 'Wacom CTL-471'
2024-04-20 20:33:36 [verbose]: [Tablet] Detect: Searching for tablet 'Wacom CTL-472'
2024-04-20 20:33:36 [verbose]: [Tablet] Detect: Searching for tablet 'Wacom CTL-480'
2024-04-20 20:33:36 [verbose]: [Tablet] Detect: Searching for tablet 'Wacom CTL-490'
2024-04-20 20:33:36 [verbose]: [Tablet] Detect: Searching for tablet 'Wacom CTL-6100'
2024-04-20 20:33:36 [verbose]: [Tablet] Detect: Searching for tablet 'Wacom CTL-6100WL'
2024-04-20 20:33:36 [verbose]: [Tablet] Detect: Searching for tablet 'Wacom CTL-671'
2024-04-20 20:33:36 [verbose]: [Tablet] Detect: Searching for tablet 'Wacom CTL-672'
2024-04-20 20:33:36 [verbose]: [Tablet] Detect: Searching for tablet 'Wacom CTL-680'
2024-04-20 20:33:36 [verbose]: [Tablet] Detect: Searching for tablet 'Wacom CTL-690'
2024-04-20 20:33:36 [verbose]: [Tablet] Detect: Searching for tablet 'Wacom DTC-133'
2024-04-20 20:33:36 [verbose]: [Tablet] Detect: Searching for tablet 'Wacom Cintiq 13HD (DTK-1300)'
2024-04-20 20:33:36 [verbose]: [Tablet] Detect: Searching for tablet 'Wacom Cintiq 16 (DTK1660)'
2024-04-20 20:33:36 [verbose]: [Tablet] Detect: Searching for tablet 'Wacom Cintiq 12WX (DTZ-1200W)'
2024-04-20 20:33:36 [verbose]: [Tablet] Detect: Searching for tablet 'Wacom ET-0405-U'
2024-04-20 20:33:36 [verbose]: [Tablet] Detect: Searching for tablet 'Wacom ET-0405A-U'
2024-04-20 20:33:36 [verbose]: [Tablet] Detect: Searching for tablet 'Wacom FT-0405-U'
2024-04-20 20:33:36 [verbose]: [Tablet] Detect: Searching for tablet 'Wacom GD-0405-U'
2024-04-20 20:33:36 [verbose]: [Tablet] Detect: Searching for tablet 'Wacom GD-0608-U'
2024-04-20 20:33:36 [verbose]: [Tablet] Detect: Searching for tablet 'Wacom GD-0912-U'
2024-04-20 20:33:36 [verbose]: [Tablet] Detect: Searching for tablet 'Wacom GD-1212-U'
2024-04-20 20:33:36 [verbose]: [Tablet] Detect: Searching for tablet 'Wacom GD-1218-U'
2024-04-20 20:33:36 [verbose]: [Tablet] Detect: Searching for tablet 'Wacom MTE-450'
2024-04-20 20:33:36 [verbose]: [Tablet] Detect: Searching for tablet 'Wacom PTH-450'
2024-04-20 20:33:36 [verbose]: [Tablet] Detect: Searching for tablet 'Wacom PTH-451'
2024-04-20 20:33:36 [verbose]: [Tablet] Detect: Searching for tablet 'Wacom PTH-460'
2024-04-20 20:33:36 [verbose]: [Tablet] Detect: Searching for tablet 'Wacom PTH-650'
2024-04-20 20:33:36 [verbose]: [Tablet] Detect: Searching for tablet 'Wacom PTH-651'
2024-04-20 20:33:36 [verbose]: [Tablet] Detect: Searching for tablet 'Wacom PTH-660'
2024-04-20 20:33:36 [verbose]: [Tablet] Detect: Searching for tablet 'Wacom PTH-850'
2024-04-20 20:33:36 [verbose]: [Tablet] Detect: Searching for tablet 'Wacom PTH-851'
2024-04-20 20:33:36 [verbose]: [Tablet] Detect: Searching for tablet 'Wacom PTH-860'
2024-04-20 20:33:36 [verbose]: [Tablet] Detect: Searching for tablet 'Wacom PTK-1240'
2024-04-20 20:33:36 [verbose]: [Tablet] Detect: Searching for tablet 'Wacom PTK-440'
2024-04-20 20:33:36 [verbose]: [Tablet] Detect: Searching for tablet 'Wacom PTK-450'
2024-04-20 20:33:36 [verbose]: [Tablet] Detect: Searching for tablet 'Wacom PTK-540WL'
2024-04-20 20:33:36 [verbose]: [Tablet] Detect: Searching for tablet 'Wacom PTK-640'
2024-04-20 20:33:36 [verbose]: [Tablet] Detect: Searching for tablet 'Wacom PTK-650'
2024-04-20 20:33:36 [verbose]: [Tablet] Detect: Searching for tablet 'Wacom PTK-840'
2024-04-20 20:33:36 [verbose]: [Tablet] Detect: Searching for tablet 'Wacom PTZ-1230'
2024-04-20 20:33:36 [verbose]: [Tablet] Detect: Searching for tablet 'Wacom PTZ-1231W'
2024-04-20 20:33:36 [verbose]: [Tablet] Detect: Searching for tablet 'Wacom PTZ-430'
2024-04-20 20:33:36 [verbose]: [Tablet] Detect: Searching for tablet 'Wacom PTZ-431W'
2024-04-20 20:33:36 [verbose]: [Tablet] Detect: Searching for tablet 'Wacom PTZ-630'
2024-04-20 20:33:36 [verbose]: [Tablet] Detect: Searching for tablet 'Wacom PTZ-631W'
2024-04-20 20:33:36 [verbose]: [Tablet] Detect: Searching for tablet 'Wacom PTZ-930'
2024-04-20 20:33:36 [verbose]: [Tablet] Detect: Searching for tablet 'Wacom XD-0405-U'
2024-04-20 20:33:36 [verbose]: [Tablet] Detect: Searching for tablet 'Wacom XD-0608-U'
2024-04-20 20:33:36 [verbose]: [Tablet] Detect: Searching for tablet 'Wacom XD-0912-U'
2024-04-20 20:33:36 [verbose]: [Tablet] Detect: Searching for tablet 'Wacom XD-1212-U'
2024-04-20 20:33:36 [verbose]: [Tablet] Detect: Searching for tablet 'Wacom XD-1218-U'
2024-04-20 20:33:36 [verbose]: [Tablet] Detect: Searching for tablet 'Waltop Slim Tablet 5.8"'
2024-04-20 20:33:36 [verbose]: [Tablet] Detect: Searching for tablet 'XenceLabs Pen Tablet Medium'
2024-04-20 20:33:36 [verbose]: [Tablet] Detect: Searching for tablet 'XenceLabs Pen Tablet Small'
2024-04-20 20:33:36 [verbose]: [Tablet] Detect: Searching for tablet 'XENX P1-640'
2024-04-20 20:33:36 [verbose]: [Tablet] Detect: Searching for tablet 'XENX P3-1060'
2024-04-20 20:33:36 [verbose]: [Tablet] Detect: Searching for tablet 'XENX X1-640'
2024-04-20 20:33:36 [verbose]: [Tablet] Detect: Searching for tablet 'XP-Pen Artist 10 (2nd Gen)'
2024-04-20 20:33:36 [verbose]: [Tablet] Detect: Searching for tablet 'XP-Pen Artist 12 (2nd Gen)'
2024-04-20 20:33:36 [verbose]: [Tablet] Detect: Searching for tablet 'XP-Pen Artist 12 Pro'
2024-04-20 20:33:36 [verbose]: [Tablet] Detect: Searching for tablet 'XP-Pen Artist 12'
2024-04-20 20:33:36 [verbose]: [Tablet] Detect: Searching for tablet 'XP-Pen Artist 13 (2nd Gen)'
2024-04-20 20:33:36 [verbose]: [Tablet] Detect: Searching for tablet 'XP-Pen Artist 13.3 Pro'
2024-04-20 20:33:36 [verbose]: [Tablet] Detect: Searching for tablet 'XP-Pen Artist 13.3'
2024-04-20 20:33:36 [verbose]: [Tablet] Detect: Searching for tablet 'XP-Pen Artist 15.6 Pro'
2024-04-20 20:33:36 [verbose]: [Tablet] Detect: Searching for tablet 'XP-Pen Artist 15.6'
2024-04-20 20:33:36 [verbose]: [Tablet] Detect: Searching for tablet 'XP-Pen Artist 16 (2nd Gen)'
2024-04-20 20:33:36 [verbose]: [Tablet] Detect: Searching for tablet 'XP-Pen Artist 16 Pro'
2024-04-20 20:33:36 [verbose]: [Tablet] Detect: Searching for tablet 'XP-Pen Artist 22HD'
2024-04-20 20:33:36 [verbose]: [Tablet] Detect: Searching for tablet 'XP-Pen Artist Pro 16TP'
2024-04-20 20:33:36 [verbose]: [Tablet] Detect: Searching for tablet 'XP-Pen CT1060'
2024-04-20 20:33:36 [verbose]: [Tablet] Detect: Searching for tablet 'XP-Pen CT430'
2024-04-20 20:33:36 [verbose]: [Tablet] Detect: Searching for tablet 'XP-Pen CT640'
2024-04-20 20:33:36 [verbose]: [Tablet] Detect: Searching for tablet 'XP-Pen Deco 01 V2 (variant 2)'
2024-04-20 20:33:36 [verbose]: [Tablet] Detect: Searching for tablet 'XP-Pen Deco 01 V2'
2024-04-20 20:33:36 [verbose]: [Tablet] Detect: Searching for tablet 'XP-Pen Deco 01'
2024-04-20 20:33:36 [verbose]: [Tablet] Detect: Searching for tablet 'XP-Pen Deco 02'
2024-04-20 20:33:36 [verbose]: [Tablet] Detect: Searching for tablet 'XP-Pen Deco 03'
2024-04-20 20:33:36 [verbose]: [Tablet] Detect: Searching for tablet 'XP-Pen Deco L'
2024-04-20 20:33:36 [verbose]: [Tablet] Detect: Searching for tablet 'XP-Pen Deco mini4'
2024-04-20 20:33:36 [verbose]: [Tablet] Detect: Searching for tablet 'XP-Pen Deco mini7'
2024-04-20 20:33:36 [verbose]: [Tablet] Detect: Searching for tablet 'XP-Pen Deco Pro Medium'
2024-04-20 20:33:36 [verbose]: [Tablet] Detect: Searching for tablet 'XP-Pen Deco Pro Small'
2024-04-20 20:33:36 [verbose]: [Tablet] Detect: Searching for tablet 'XP-Pen Deco Pro SW'
2024-04-20 20:33:36 [verbose]: [Tablet] Detect: Searching for tablet 'XP-Pen Innovator 16'
2024-04-20 20:33:36 [verbose]: [Tablet] Detect: Searching for tablet 'XP-Pen Star 03'
2024-04-20 20:33:36 [verbose]: [Tablet] Detect: Searching for tablet 'XP-Pen Star 05 V3'
2024-04-20 20:33:36 [verbose]: [Tablet] Detect: Searching for tablet 'XP-Pen Star 06'
2024-04-20 20:33:36 [verbose]: [Tablet] Detect: Searching for tablet 'XP-Pen Star 06C'
2024-04-20 20:33:36 [verbose]: [Tablet] Detect: Searching for tablet 'XP-Pen Star G430'
2024-04-20 20:33:36 [verbose]: [Tablet] Detect: Searching for tablet 'XP-Pen Star G430S V2'
2024-04-20 20:33:36 [verbose]: [Tablet] Detect: Searching for tablet 'XP-Pen Star G430S'
2024-04-20 20:33:36 [verbose]: [Tablet] Detect: Searching for tablet 'XP-Pen Star G540 Pro'
2024-04-20 20:33:36 [verbose]: [Tablet] Detect: Searching for tablet 'XP-Pen Star G540'
2024-04-20 20:33:36 [verbose]: [Tablet] Detect: Searching for tablet 'XP-Pen Star G640 V2'
2024-04-20 20:33:36 [verbose]: [Tablet] Detect: Searching for tablet 'XP-Pen Star G640'
2024-04-20 20:33:36 [verbose]: [Tablet] Detect: Searching for tablet 'XP-Pen Star G640S'
2024-04-20 20:33:36 [verbose]: [Tablet] Detect: Searching for tablet 'XP-Pen Star G960'
2024-04-20 20:33:36 [verbose]: [Tablet] Detect: Searching for tablet 'XP-Pen Star G960S Plus'
2024-04-20 20:33:36 [verbose]: [Tablet] Detect: Searching for tablet 'XP-Pen Star G960S'
2024-04-20 20:33:36 [verbose]: [Tablet] Detect: No tablets were detected.
