2024-04-20 20:33:37 [verbose]: ----------------------------------------------------------
2024-04-20 20:33:37 [verbose]: network Log for Mine (LogLevel: Verbose)
2024-04-20 20:33:37 [verbose]: Running osu 2023.1008.1.0 on .NET 6.0.22
2024-04-20 20:33:37 [verbose]: Environment: Windows (Microsoft Windows NT 10.0.22621.0), 4 cores
2024-04-20 20:33:37 [verbose]: ----------------------------------------------------------
2024-04-20 20:33:37 [verbose]: Request to https://lazer.ppy.sh/oauth/token failed with System.Net.Http.HttpRequestException: No such host is known. (lazer.ppy.sh:443)
2024-04-20 20:33:37 [verbose]: ---> System.Net.Sockets.SocketException (11001): No such host is known.
2024-04-20 20:33:37 [verbose]: at System.Net.Sockets.Socket.AwaitableSocketAsyncEventArgs.ThrowException(SocketError error, CancellationToken cancellationToken)
2024-04-20 20:33:37 [verbose]: at System.Net.Sockets.Socket.AwaitableSocketAsyncEventArgs.System.Threading.Tasks.Sources.IValueTaskSource.GetResult(Int16 token)
2024-04-20 20:33:37 [verbose]: at System.Net.Sockets.Socket.<ConnectAsync>g__WaitForConnectWithCancellation|277_0(AwaitableSocketAsyncEventArgs saea, ValueTask connectTask, CancellationToken cancellationToken)
2024-04-20 20:33:37 [verbose]: at osu.Framework.IO.Network.WebRequest.attemptConnection(AddressFamily addressFamily, SocketsHttpConnectionContext context, CancellationToken cancellationToken)
2024-04-20 20:33:37 [verbose]: at osu.Framework.IO.Network.WebRequest.onConnect(SocketsHttpConnectionContext context, CancellationToken cancellationToken)
2024-04-20 20:33:37 [verbose]: at System.Net.Http.HttpConnectionPool.ConnectToTcpHostAsync(String host, Int32 port, HttpRequestMessage initialRequest, Boolean async, CancellationToken cancellationToken)
2024-04-20 20:33:37 [verbose]: --- End of inner exception stack trace ---
2024-04-20 20:33:37 [verbose]: at System.Net.Http.HttpConnectionPool.ConnectToTcpHostAsync(String host, Int32 port, HttpRequestMessage initialRequest, Boolean async, CancellationToken cancellationToken)
2024-04-20 20:33:37 [verbose]: at System.Net.Http.HttpConnectionPool.ConnectAsync(HttpRequestMessage request, Boolean async, CancellationToken cancellationToken)
2024-04-20 20:33:37 [verbose]: at System.Net.Http.HttpConnectionPool.CreateHttp11ConnectionAsync(HttpRequestMessage request, Boolean async, CancellationToken cancellationToken)
2024-04-20 20:33:37 [verbose]: at System.Net.Http.HttpConnectionPool.AddHttp11ConnectionAsync(HttpRequestMessage request)
2024-04-20 20:33:37 [verbose]: at System.Threading.Tasks.TaskCompletionSourceWithCancellation`1.WaitWithCancellationAsync(CancellationToken cancellationToken)
2024-04-20 20:33:37 [verbose]: at System.Net.Http.HttpConnectionPool.GetHttp11ConnectionAsync(HttpRequestMessage request, Boolean async, CancellationToken cancellationToken)
2024-04-20 20:33:37 [verbose]: at System.Net.Http.HttpConnectionPool.SendWithVersionDetectionAndRetryAsync(HttpRequestMessage request, Boolean async, Boolean doRequestAuth, CancellationToken cancellationToken)
2024-04-20 20:33:37 [verbose]: at System.Net.Http.AuthenticationHelper.SendWithAuthAsync(HttpRequestMessage request, Uri authUri, Boolean async, ICredentials credentials, Boolean preAuthenticate, Boolean isProxyAuth, Boolean doRequestAuth, HttpConnectionPool pool, CancellationToken cancellationToken)
2024-04-20 20:33:37 [verbose]: at System.Net.Http.RedirectHandler.SendAsync(HttpRequestMessage request, Boolean async, CancellationToken cancellationToken)
2024-04-20 20:33:37 [verbose]: at System.Net.Http.DecompressionHandler.SendAsync(HttpRequestMessage request, Boolean async, CancellationToken cancellationToken)
2024-04-20 20:33:37 [verbose]: at System.Net.Http.HttpClient.<SendAsync>g__Core|83_0(HttpRequestMessage request, HttpCompletionOption completionOption, CancellationTokenSource cts, Boolean disposeCts, CancellationTokenSource pendingRequestsCts, CancellationToken originalCancellationToken)
2024-04-20 20:33:37 [verbose]: at osu.Framework.IO.Network.WebRequest.internalPerform(CancellationToken cancellationToken).
2024-04-20 20:33:37 [verbose]: Login failed for username OsiIC (Missing password.)!
2024-04-20 20:34:42 [verbose]: Performing request osu.Game.Online.API.Requests.GetUserRequest
2024-04-20 20:34:42 [verbose]: Request to https://lazer.ppy.sh/api/v2/users/Guest/?key=username failed with System.Net.Http.HttpRequestException: No such host is known. (lazer.ppy.sh:443)
2024-04-20 20:34:42 [verbose]: ---> System.Net.Sockets.SocketException (11001): No such host is known.
2024-04-20 20:34:42 [verbose]: at System.Net.Sockets.Socket.AwaitableSocketAsyncEventArgs.ThrowException(SocketError error, CancellationToken cancellationToken)
2024-04-20 20:34:42 [verbose]: at System.Net.Sockets.Socket.AwaitableSocketAsyncEventArgs.System.Threading.Tasks.Sources.IValueTaskSource.GetResult(Int16 token)
2024-04-20 20:34:42 [verbose]: at System.Net.Sockets.Socket.<ConnectAsync>g__WaitForConnectWithCancellation|277_0(AwaitableSocketAsyncEventArgs saea, ValueTask connectTask, CancellationToken cancellationToken)
2024-04-20 20:34:42 [verbose]: at osu.Framework.IO.Network.WebRequest.attemptConnection(AddressFamily addressFamily, SocketsHttpConnectionContext context, CancellationToken cancellationToken)
2024-04-20 20:34:42 [verbose]: at osu.Framework.IO.Network.WebRequest.onConnect(SocketsHttpConnectionContext context, CancellationToken cancellationToken)
2024-04-20 20:34:42 [verbose]: at System.Net.Http.HttpConnectionPool.ConnectToTcpHostAsync(String host, Int32 port, HttpRequestMessage initialRequest, Boolean async, CancellationToken cancellationToken)
2024-04-20 20:34:42 [verbose]: --- End of inner exception stack trace ---
2024-04-20 20:34:42 [verbose]: at System.Net.Http.HttpConnectionPool.ConnectToTcpHostAsync(String host, Int32 port, HttpRequestMessage initialRequest, Boolean async, CancellationToken cancellationToken)
2024-04-20 20:34:42 [verbose]: at System.Net.Http.HttpConnectionPool.ConnectAsync(HttpRequestMessage request, Boolean async, CancellationToken cancellationToken)
2024-04-20 20:34:42 [verbose]: at System.Net.Http.HttpConnectionPool.CreateHttp11ConnectionAsync(HttpRequestMessage request, Boolean async, CancellationToken cancellationToken)
2024-04-20 20:34:42 [verbose]: at System.Net.Http.HttpConnectionPool.AddHttp11ConnectionAsync(HttpRequestMessage request)
2024-04-20 20:34:42 [verbose]: at System.Threading.Tasks.TaskCompletionSourceWithCancellation`1.WaitWithCancellationAsync(CancellationToken cancellationToken)
2024-04-20 20:34:42 [verbose]: at System.Net.Http.HttpConnectionPool.GetHttp11ConnectionAsync(HttpRequestMessage request, Boolean async, CancellationToken cancellationToken)
2024-04-20 20:34:42 [verbose]: at System.Net.Http.HttpConnectionPool.SendWithVersionDetectionAndRetryAsync(HttpRequestMessage request, Boolean async, Boolean doRequestAuth, CancellationToken cancellationToken)
2024-04-20 20:34:42 [verbose]: at System.Net.Http.AuthenticationHelper.SendWithAuthAsync(HttpRequestMessage request, Uri authUri, Boolean async, ICredentials credentials, Boolean preAuthenticate, Boolean isProxyAuth, Boolean doRequestAuth, HttpConnectionPool pool, CancellationToken cancellationToken)
2024-04-20 20:34:42 [verbose]: at System.Net.Http.RedirectHandler.SendAsync(HttpRequestMessage request, Boolean async, CancellationToken cancellationToken)
2024-04-20 20:34:42 [verbose]: at System.Net.Http.DecompressionHandler.SendAsync(HttpRequestMessage request, Boolean async, CancellationToken cancellationToken)
2024-04-20 20:34:42 [verbose]: at System.Net.Http.HttpClient.<SendAsync>g__Core|83_0(HttpRequestMessage request, HttpCompletionOption completionOption, CancellationTokenSource cts, Boolean disposeCts, CancellationTokenSource pendingRequestsCts, CancellationToken originalCancellationToken)
2024-04-20 20:34:42 [verbose]: at osu.Framework.IO.Network.WebRequest.internalPerform(CancellationToken cancellationToken).
2024-04-20 20:34:42 [verbose]: Failing request osu.Game.Online.API.Requests.GetUserRequest (System.Net.Http.HttpRequestException: No such host is known. (lazer.ppy.sh:443)
2024-04-20 20:34:42 [verbose]: ---> System.Net.Sockets.SocketException (11001): No such host is known.
2024-04-20 20:34:42 [verbose]: at System.Net.Sockets.Socket.AwaitableSocketAsyncEventArgs.ThrowException(SocketError error, CancellationToken cancellationToken)
2024-04-20 20:34:42 [verbose]: at System.Net.Sockets.Socket.AwaitableSocketAsyncEventArgs.System.Threading.Tasks.Sources.IValueTaskSource.GetResult(Int16 token)
2024-04-20 20:34:42 [verbose]: at System.Net.Sockets.Socket.<ConnectAsync>g__WaitForConnectWithCancellation|277_0(AwaitableSocketAsyncEventArgs saea, ValueTask connectTask, CancellationToken cancellationToken)
2024-04-20 20:34:42 [verbose]: at osu.Framework.IO.Network.WebRequest.attemptConnection(AddressFamily addressFamily, SocketsHttpConnectionContext context, CancellationToken cancellationToken)
2024-04-20 20:34:42 [verbose]: at osu.Framework.IO.Network.WebRequest.onConnect(SocketsHttpConnectionContext context, CancellationToken cancellationToken)
2024-04-20 20:34:42 [verbose]: at System.Net.Http.HttpConnectionPool.ConnectToTcpHostAsync(String host, Int32 port, HttpRequestMessage initialRequest, Boolean async, CancellationToken cancellationToken)
2024-04-20 20:34:42 [verbose]: --- End of inner exception stack trace ---
2024-04-20 20:34:42 [verbose]: at System.Net.Http.HttpConnectionPool.ConnectToTcpHostAsync(String host, Int32 port, HttpRequestMessage initialRequest, Boolean async, CancellationToken cancellationToken)
2024-04-20 20:34:42 [verbose]: at System.Net.Http.HttpConnectionPool.ConnectAsync(HttpRequestMessage request, Boolean async, CancellationToken cancellationToken)
2024-04-20 20:34:42 [verbose]: at System.Net.Http.HttpConnectionPool.CreateHttp11ConnectionAsync(HttpRequestMessage request, Boolean async, CancellationToken cancellationToken)
2024-04-20 20:34:42 [verbose]: at System.Net.Http.HttpConnectionPool.AddHttp11ConnectionAsync(HttpRequestMessage request)
2024-04-20 20:34:42 [verbose]: at System.Threading.Tasks.TaskCompletionSourceWithCancellation`1.WaitWithCancellationAsync(CancellationToken cancellationToken)
2024-04-20 20:34:42 [verbose]: at System.Net.Http.HttpConnectionPool.GetHttp11ConnectionAsync(HttpRequestMessage request, Boolean async, CancellationToken cancellationToken)
2024-04-20 20:34:42 [verbose]: at System.Net.Http.HttpConnectionPool.SendWithVersionDetectionAndRetryAsync(HttpRequestMessage request, Boolean async, Boolean doRequestAuth, CancellationToken cancellationToken)
2024-04-20 20:34:42 [verbose]: at System.Net.Http.AuthenticationHelper.SendWithAuthAsync(HttpRequestMessage request, Uri authUri, Boolean async, ICredentials credentials, Boolean preAuthenticate, Boolean isProxyAuth, Boolean doRequestAuth, HttpConnectionPool pool, CancellationToken cancellationToken)
2024-04-20 20:34:42 [verbose]: at System.Net.Http.RedirectHandler.SendAsync(HttpRequestMessage request, Boolean async, CancellationToken cancellationToken)
2024-04-20 20:34:42 [verbose]: at System.Net.Http.DecompressionHandler.SendAsync(HttpRequestMessage request, Boolean async, CancellationToken cancellationToken)
2024-04-20 20:34:42 [verbose]: at System.Net.Http.HttpClient.<SendAsync>g__Core|83_0(HttpRequestMessage request, HttpCompletionOption completionOption, CancellationTokenSource cts, Boolean disposeCts, CancellationTokenSource pendingRequestsCts, CancellationToken originalCancellationToken)
2024-04-20 20:34:42 [verbose]: at osu.Framework.IO.Network.WebRequest.internalPerform(CancellationToken cancellationToken))
